"D:\INSTALLED\Clion\CLion 2025.2.5\bin\cmake\win\x64\bin\cmake.exe" -DCMAKE_BUILD_TYPE=Debug -DCMAKE_C_COMPILER=C:/Users/NICKSON/CLionProjects/CFONB_Analyser_Tchinda_Fotsa_Nickson -G "MinGW Makefiles" -S C:\Users\NICKSON\CLionProjects\CFONB_Analyser_Tchinda_Fotsa_Nickson -B C:\Users\NICKSON\CLionProjects\CFONB_Analyser_Tchinda_Fotsa_Nickson\cmake-build-debug
CMake Deprecation Warning at CMakeLists.txt:1 (cmake_minimum_required):
  Compatibility with CMake < 3.10 will be removed from a future version of
  CMake.

  Update the VERSION argument <min> value.  Or, use the <min>...<max> syntax
  to tell CMake that the project requires at least <min> but has been updated
  to work with policies introduced by <max> or earlier.


-- The C compiler identification is unknown
-- Detecting C compiler ABI info
-- Detecting C compiler ABI info - failed
-- Check for working C compiler: C:/Users/NICKSON/CLionProjects/CFONB_Analyser_Tchinda_Fotsa_Nickson
-- Check for working C compiler: C:/Users/NICKSON/CLionProjects/CFONB_Analyser_Tchinda_Fotsa_Nickson - broken
CMake Error at D:/INSTALLED/Clion/CLion 2025.2.5/bin/cmake/win/x64/share/cmake-4.0/Modules/CMakeTestCCompiler.cmake:67 (message):
  The C compiler

    "C:/Users/NICKSON/CLionProjects/CFONB_Analyser_Tchinda_Fotsa_Nickson"

  is not able to compile a simple test program.

  It fails with the following output:

    Change Dir: 'C:/Users/NICKSON/CLionProjects/CFONB_Analyser_Tchinda_Fotsa_Nickson/cmake-build-debug/CMakeFiles/CMakeScratch/TryCompile-zf2prr'
    
    Run Build Command(s): "D:/INSTALLED/Clion/CLion 2025.2.5/bin/cmake/win/x64/bin/cmake.exe" -E env VERBOSE=1 "D:/INSTALLED/Clion/CLion 2025.2.5/bin/mingw/bin/mingw32-make.exe" -f Makefile cmTC_3e7dc/fast
    D:/INSTALLED/Clion/CLion 2025.2.5/bin/mingw/bin/mingw32-make.exe  -f CMakeFiles\cmTC_3e7dc.dir\build.make CMakeFiles/cmTC_3e7dc.dir/build
    mingw32-make[1]: Entering directory 'C:/Users/NICKSON/CLionProjects/CFONB_Analyser_Tchinda_Fotsa_Nickson/cmake-build-debug/CMakeFiles/CMakeScratch/TryCompile-zf2prr'
    Building C object CMakeFiles/cmTC_3e7dc.dir/testCCompiler.c.obj
    C:\Users\NICKSON\CLionProjects\CFONB_Analyser_Tchinda_Fotsa_Nickson    -o CMakeFiles\cmTC_3e7dc.dir\testCCompiler.c.obj -c C:\Users\NICKSON\CLionProjects\CFONB_Analyser_Tchinda_Fotsa_Nickson\cmake-build-debug\CMakeFiles\CMakeScratch\TryCompile-zf2prr\testCCompiler.c
    process_begin: CreateProcess(NULL, C:\Users\NICKSON\CLionProjects\CFONB_Analyser_Tchinda_Fotsa_Nickson -o CMakeFiles\cmTC_3e7dc.dir\testCCompiler.c.obj -c C:\Users\NICKSON\CLionProjects\CFONB_Analyser_Tchinda_Fotsa_Nickson\cmake-build-debug\CMakeFiles\CMakeScratch\TryCompile-zf2prr\testCCompiler.c, ...) failed.
    make (e=5): Access is denied.
    mingw32-make[1]: *** [CMakeFiles\cmTC_3e7dc.dir\build.make:80: CMakeFiles/cmTC_3e7dc.dir/testCCompiler.c.obj] Error 5
    mingw32-make[1]: Leaving directory 'C:/Users/NICKSON/CLionProjects/CFONB_Analyser_Tchinda_Fotsa_Nickson/cmake-build-debug/CMakeFiles/CMakeScratch/TryCompile-zf2prr'
    mingw32-make: *** [Makefile:133: cmTC_3e7dc/fast] Error 2
    
    



  CMake will not be able to correctly generate this project.
Call Stack (most recent call first):
  CMakeLists.txt:2 (project)


-- Configuring incomplete, errors occurred!
